22/Apr/2025:21:50:16
22/Apr/2025:21:50:21
22/Apr/2025:21:50:26
22/Apr/2025:21:50:31
22/Apr/2025:21:50:36
22/Apr/2025:21:50:41
22/Apr/2025:21:50:46
access_log: 127.0.0.1 - - [22/Apr/2025:21:50:41 +0300] "GET / HTTP/1.1" 200 447 "-" "Mozilla/5.0 (X11; Ubuntu; Linux x86_64; rv:137.0) Gecko/20100101 Firefox/137.0"
22/Apr/2025:21:50:51
22/Apr/2025:21:50:57
22/Apr/2025:21:51:02
access_log: 127.0.0.1 - - [22/Apr/2025:21:50:59 +0300] "GET /aaa HTTP/1.1" 404 134 "-" "Mozilla/5.0 (X11; Ubuntu; Linux x86_64; rv:137.0) Gecko/20100101 Firefox/137.0"
error_log: 2025/04/22 21:50:59 [error] 34670#34670: *397 open() "/var/www/task3/aaa" failed (2: No such file or directory), client: 127.0.0.1, server: localhost, request: "GET /aaa HTTP/1.1", host: "localhost"
22/Apr/2025:21:51:07
22/Apr/2025:21:51:12
22/Apr/2025:21:51:17
22/Apr/2025:21:51:40
22/Apr/2025:21:51:46
access_log: 127.0.0.1 - - [22/Apr/2025:21:51:43 +0300] "GET /aaa HTTP/1.1" 404 134 "-" "Mozilla/5.0 (X11; Ubuntu; Linux x86_64; rv:137.0) Gecko/20100101 Firefox/137.0"
error_log: 2025/04/22 21:51:43 [error] 34670#34670: *397 open() "/var/www/task3/aaa" failed (2: No such file or directory), client: 127.0.0.1, server: localhost, request: "GET /aaa HTTP/1.1", host: "localhost"
22/Apr/2025:21:51:51
22/Apr/2025:21:51:56
22/Apr/2025:21:52:01
22/Apr/2025:21:52:06
22/Apr/2025:21:52:11
access_log: 127.0.0.1 - - [22/Apr/2025:21:52:10 +0300] "GET /phpinfo HTTP/1.1" 502 166 "http://localhost/" "Mozilla/5.0 (X11; Ubuntu; Linux x86_64; rv:137.0) Gecko/20100101 Firefox/137.0"
error_log: 2025/04/22 21:52:10 [error] 34670#34670: *397 connect() failed (111: Connection refused) while connecting to upstream, client: 127.0.0.1, server: localhost, request: "GET /phpinfo HTTP/1.1", upstream: "http://127.0.0.1:8080/info.php", host: "localhost", referrer: "http://localhost/"
access_log: 127.0.0.1 - - [22/Apr/2025:21:52:09 +0300] "GET /phpinfo HTTP/1.1" 502 166 "http://localhost/" "Mozilla/5.0 (X11; Ubuntu; Linux x86_64; rv:137.0) Gecko/20100101 Firefox/137.0"
error_log: 2025/04/22 21:52:09 [error] 34670#34670: *397 connect() failed (111: Connection refused) while connecting to upstream, client: 127.0.0.1, server: localhost, request: "GET /phpinfo HTTP/1.1", upstream: "http://127.0.0.1:8080/info.php", host: "localhost", referrer: "http://localhost/"
22/Apr/2025:21:52:16
22/Apr/2025:21:52:21
22/Apr/2025:21:52:26
22/Apr/2025:21:52:32
22/Apr/2025:21:52:37
22/Apr/2025:21:52:42
22/Apr/2025:21:52:47
22/Apr/2025:21:52:52
22/Apr/2025:21:52:57
22/Apr/2025:21:53:02
22/Apr/2025:21:53:07
22/Apr/2025:21:53:12
22/Apr/2025:21:53:18
22/Apr/2025:21:53:23
22/Apr/2025:21:53:28
22/Apr/2025:21:53:33
22/Apr/2025:21:53:38
22/Apr/2025:21:53:43
22/Apr/2025:21:53:48
22/Apr/2025:21:53:53
22/Apr/2025:21:53:58
22/Apr/2025:21:54:04
22/Apr/2025:21:54:09
22/Apr/2025:21:54:14
22/Apr/2025:21:54:19
22/Apr/2025:21:54:24
22/Apr/2025:21:54:29
22/Apr/2025:21:54:34
22/Apr/2025:21:54:39
22/Apr/2025:21:54:44
22/Apr/2025:21:54:49
22/Apr/2025:21:54:55
22/Apr/2025:21:55:00
22/Apr/2025:21:55:05
22/Apr/2025:21:55:10
22/Apr/2025:21:55:15
22/Apr/2025:21:55:20
22/Apr/2025:21:55:25
22/Apr/2025:21:55:30
22/Apr/2025:21:55:36
22/Apr/2025:21:55:41
22/Apr/2025:21:55:46
22/Apr/2025:21:55:51
22/Apr/2025:21:55:56
22/Apr/2025:21:56:01
22/Apr/2025:21:56:06
22/Apr/2025:21:56:11
22/Apr/2025:21:56:16
22/Apr/2025:21:56:22
22/Apr/2025:21:56:27
22/Apr/2025:21:56:32
22/Apr/2025:21:56:37
22/Apr/2025:21:56:42
22/Apr/2025:21:56:47
22/Apr/2025:21:56:52
22/Apr/2025:21:56:57
22/Apr/2025:21:57:02
22/Apr/2025:21:57:08
22/Apr/2025:21:57:13
22/Apr/2025:21:57:18
22/Apr/2025:21:57:23
22/Apr/2025:21:57:28
22/Apr/2025:21:57:33
22/Apr/2025:21:57:38
22/Apr/2025:21:57:43
22/Apr/2025:21:57:48
22/Apr/2025:21:57:54
22/Apr/2025:21:57:59
22/Apr/2025:21:58:04
22/Apr/2025:21:58:09
22/Apr/2025:21:58:14
22/Apr/2025:21:58:19
22/Apr/2025:21:58:24
22/Apr/2025:21:58:29
22/Apr/2025:21:58:34
22/Apr/2025:21:58:40
22/Apr/2025:21:58:45
22/Apr/2025:21:58:50
22/Apr/2025:21:58:55
22/Apr/2025:21:59:00
22/Apr/2025:21:59:05
22/Apr/2025:21:59:10
22/Apr/2025:21:59:15
22/Apr/2025:21:59:20
22/Apr/2025:21:59:26
22/Apr/2025:21:59:31
22/Apr/2025:21:59:36
22/Apr/2025:21:59:41
22/Apr/2025:21:59:46
22/Apr/2025:21:59:51
22/Apr/2025:21:59:56
22/Apr/2025:22:00:01
22/Apr/2025:22:00:06
22/Apr/2025:22:00:12
22/Apr/2025:22:00:17
22/Apr/2025:22:00:22
22/Apr/2025:22:00:27
22/Apr/2025:22:00:32
22/Apr/2025:22:00:37
22/Apr/2025:22:00:42
22/Apr/2025:22:00:47
22/Apr/2025:22:00:52
22/Apr/2025:22:00:58
22/Apr/2025:22:01:03
22/Apr/2025:22:01:08
22/Apr/2025:22:01:13
22/Apr/2025:22:01:18
22/Apr/2025:22:01:23
22/Apr/2025:22:01:28
22/Apr/2025:22:01:33
22/Apr/2025:22:01:38
22/Apr/2025:22:01:43
22/Apr/2025:22:01:49
22/Apr/2025:22:01:54
22/Apr/2025:22:01:59
22/Apr/2025:22:02:04
22/Apr/2025:22:02:09
22/Apr/2025:22:02:14
22/Apr/2025:22:02:19
22/Apr/2025:22:02:24
22/Apr/2025:22:02:29
22/Apr/2025:22:02:35
22/Apr/2025:22:02:40
22/Apr/2025:22:02:45
22/Apr/2025:22:02:50
22/Apr/2025:22:02:55
22/Apr/2025:22:03:00
22/Apr/2025:22:03:05
22/Apr/2025:22:03:10
22/Apr/2025:22:03:15
22/Apr/2025:22:03:21
22/Apr/2025:22:03:26
22/Apr/2025:22:03:31
22/Apr/2025:22:03:36
22/Apr/2025:22:03:41
22/Apr/2025:22:03:46
22/Apr/2025:22:03:51
22/Apr/2025:22:03:56
22/Apr/2025:22:04:01
22/Apr/2025:22:04:07
22/Apr/2025:22:04:12
22/Apr/2025:22:04:17
22/Apr/2025:22:04:22
22/Apr/2025:22:04:27
22/Apr/2025:22:04:32
22/Apr/2025:22:04:37
22/Apr/2025:22:04:42
22/Apr/2025:22:04:48
22/Apr/2025:22:04:53
22/Apr/2025:22:04:58
22/Apr/2025:22:05:03
22/Apr/2025:22:05:08
22/Apr/2025:22:05:13
22/Apr/2025:22:05:18
22/Apr/2025:22:05:23
22/Apr/2025:22:05:28
22/Apr/2025:22:05:34
22/Apr/2025:22:05:39
22/Apr/2025:22:05:44
22/Apr/2025:22:05:49
22/Apr/2025:22:05:54
22/Apr/2025:22:05:59
22/Apr/2025:22:06:04
22/Apr/2025:22:06:09
22/Apr/2025:22:06:14
22/Apr/2025:22:06:19
22/Apr/2025:22:06:25
22/Apr/2025:22:06:30
22/Apr/2025:22:06:35
22/Apr/2025:22:06:40
22/Apr/2025:22:06:45
22/Apr/2025:22:06:50
22/Apr/2025:22:06:55
22/Apr/2025:22:07:00
22/Apr/2025:22:07:05
22/Apr/2025:22:07:11
22/Apr/2025:22:07:16
22/Apr/2025:22:07:21
22/Apr/2025:22:07:26
22/Apr/2025:22:07:31
22/Apr/2025:22:07:36
22/Apr/2025:22:07:41
22/Apr/2025:22:07:46
22/Apr/2025:22:07:51
22/Apr/2025:22:07:57
22/Apr/2025:22:08:02
22/Apr/2025:22:08:07
22/Apr/2025:22:08:12
22/Apr/2025:22:08:17
22/Apr/2025:22:08:22
22/Apr/2025:22:08:27
22/Apr/2025:22:08:32
22/Apr/2025:22:08:37
22/Apr/2025:22:08:43
22/Apr/2025:22:08:48
22/Apr/2025:22:08:53
22/Apr/2025:22:08:58
22/Apr/2025:22:09:03
22/Apr/2025:22:09:08
22/Apr/2025:22:09:13
22/Apr/2025:22:09:18
22/Apr/2025:22:09:23
22/Apr/2025:22:09:29
22/Apr/2025:22:09:34
22/Apr/2025:22:09:39
22/Apr/2025:22:09:44
22/Apr/2025:22:09:49
22/Apr/2025:22:09:54
22/Apr/2025:22:09:59
22/Apr/2025:22:10:04
22/Apr/2025:22:10:09
22/Apr/2025:22:10:15
22/Apr/2025:22:10:20
22/Apr/2025:22:10:25
22/Apr/2025:22:10:30
22/Apr/2025:22:10:35
22/Apr/2025:22:10:40
22/Apr/2025:22:10:45
22/Apr/2025:22:10:50
22/Apr/2025:22:10:55
22/Apr/2025:22:11:01
22/Apr/2025:22:11:06
22/Apr/2025:22:11:11
22/Apr/2025:22:11:16
22/Apr/2025:22:11:21
22/Apr/2025:22:11:26
22/Apr/2025:22:11:31
22/Apr/2025:22:11:36
22/Apr/2025:22:11:41
22/Apr/2025:22:11:47
22/Apr/2025:22:11:52
22/Apr/2025:22:11:57
22/Apr/2025:22:12:02
22/Apr/2025:22:12:07
22/Apr/2025:22:12:12
22/Apr/2025:22:12:17
22/Apr/2025:22:12:22
22/Apr/2025:22:12:27
22/Apr/2025:22:12:33
22/Apr/2025:22:12:38
22/Apr/2025:22:12:43
22/Apr/2025:22:12:48
22/Apr/2025:22:12:53
22/Apr/2025:22:12:58
22/Apr/2025:22:13:03
22/Apr/2025:22:13:08
22/Apr/2025:22:13:13
22/Apr/2025:22:13:19
22/Apr/2025:22:13:24
22/Apr/2025:22:13:29
22/Apr/2025:22:13:34
22/Apr/2025:22:13:39
22/Apr/2025:22:13:44
22/Apr/2025:22:13:49
22/Apr/2025:22:13:54
22/Apr/2025:22:13:59
22/Apr/2025:22:14:05
22/Apr/2025:22:14:10
22/Apr/2025:22:14:15
22/Apr/2025:22:14:20
22/Apr/2025:22:14:25
22/Apr/2025:22:14:30
22/Apr/2025:22:14:35
22/Apr/2025:22:14:40
22/Apr/2025:22:14:45
22/Apr/2025:22:14:51
22/Apr/2025:22:14:56
22/Apr/2025:22:15:01
22/Apr/2025:22:15:06
22/Apr/2025:22:15:11
22/Apr/2025:22:15:16
22/Apr/2025:22:15:21
22/Apr/2025:22:15:26
22/Apr/2025:22:15:31
22/Apr/2025:22:15:37
22/Apr/2025:22:15:42
22/Apr/2025:22:15:47
22/Apr/2025:22:15:52
22/Apr/2025:22:15:57
22/Apr/2025:22:16:02
22/Apr/2025:22:16:07
22/Apr/2025:22:16:12
22/Apr/2025:22:16:17
22/Apr/2025:22:16:23
22/Apr/2025:22:16:28
22/Apr/2025:22:16:33
22/Apr/2025:22:16:38
22/Apr/2025:22:16:43
22/Apr/2025:22:16:48
22/Apr/2025:22:16:53
22/Apr/2025:22:16:58
22/Apr/2025:22:17:03
22/Apr/2025:22:17:09
22/Apr/2025:22:17:14
22/Apr/2025:22:17:19
22/Apr/2025:22:17:24
22/Apr/2025:22:17:29
22/Apr/2025:22:17:34
22/Apr/2025:22:17:39
22/Apr/2025:22:17:44
22/Apr/2025:22:17:49
22/Apr/2025:22:17:55
22/Apr/2025:22:18:00
22/Apr/2025:22:18:05
22/Apr/2025:22:18:10
22/Apr/2025:22:18:15
22/Apr/2025:22:18:20
22/Apr/2025:22:18:25
22/Apr/2025:22:18:30
22/Apr/2025:22:18:36
22/Apr/2025:22:18:41
22/Apr/2025:22:18:46
22/Apr/2025:22:18:51
22/Apr/2025:22:18:56
22/Apr/2025:22:19:01
22/Apr/2025:22:19:06
22/Apr/2025:22:19:11
22/Apr/2025:22:19:16
22/Apr/2025:22:19:22
22/Apr/2025:22:19:27
22/Apr/2025:22:19:32
22/Apr/2025:22:19:37
22/Apr/2025:22:19:42
22/Apr/2025:22:19:47
22/Apr/2025:22:19:52
22/Apr/2025:22:19:57
22/Apr/2025:22:20:02
22/Apr/2025:22:20:08
22/Apr/2025:22:20:13
22/Apr/2025:22:20:18
22/Apr/2025:22:20:23
22/Apr/2025:22:20:28
22/Apr/2025:22:20:33
22/Apr/2025:22:20:38
22/Apr/2025:22:20:43
22/Apr/2025:22:20:48
22/Apr/2025:22:20:54
22/Apr/2025:22:20:59
22/Apr/2025:22:21:04
22/Apr/2025:22:21:09
22/Apr/2025:22:21:14
22/Apr/2025:22:21:19
22/Apr/2025:22:21:24
22/Apr/2025:22:21:29
22/Apr/2025:22:21:34
22/Apr/2025:22:21:39
22/Apr/2025:22:21:45
22/Apr/2025:22:21:50
22/Apr/2025:22:21:55
22/Apr/2025:22:22:00
22/Apr/2025:22:22:05
22/Apr/2025:22:22:10
22/Apr/2025:22:22:15
22/Apr/2025:22:22:20
22/Apr/2025:22:22:25
22/Apr/2025:22:22:31
22/Apr/2025:22:22:36
22/Apr/2025:22:22:41
22/Apr/2025:22:22:46
22/Apr/2025:22:22:51
22/Apr/2025:22:22:56
22/Apr/2025:22:23:01
22/Apr/2025:22:23:06
22/Apr/2025:22:23:11
22/Apr/2025:22:23:17
22/Apr/2025:22:23:22
22/Apr/2025:22:23:27
22/Apr/2025:22:23:32
22/Apr/2025:22:23:37
22/Apr/2025:22:23:42
22/Apr/2025:22:23:47
22/Apr/2025:22:23:52
22/Apr/2025:22:23:57
22/Apr/2025:22:24:03
22/Apr/2025:22:24:08
22/Apr/2025:22:24:13
22/Apr/2025:22:24:18
22/Apr/2025:22:24:23
22/Apr/2025:22:24:28
22/Apr/2025:22:24:33
22/Apr/2025:22:24:38
22/Apr/2025:22:24:43
22/Apr/2025:22:24:49
22/Apr/2025:22:24:54
22/Apr/2025:22:24:59
22/Apr/2025:22:25:04
22/Apr/2025:22:25:09
22/Apr/2025:22:25:14
22/Apr/2025:22:25:19
22/Apr/2025:22:25:24
22/Apr/2025:22:25:29
22/Apr/2025:22:25:35
22/Apr/2025:22:25:40
22/Apr/2025:22:25:45
22/Apr/2025:22:25:50
22/Apr/2025:22:25:55
22/Apr/2025:22:26:00
22/Apr/2025:22:26:05
22/Apr/2025:22:26:10
22/Apr/2025:22:26:15
22/Apr/2025:22:26:20
22/Apr/2025:22:26:26
22/Apr/2025:22:26:31
22/Apr/2025:22:26:36
22/Apr/2025:22:26:41
22/Apr/2025:22:26:46
22/Apr/2025:22:26:51
22/Apr/2025:22:26:56
22/Apr/2025:22:27:01
22/Apr/2025:22:27:06
22/Apr/2025:22:27:12
22/Apr/2025:22:27:17
22/Apr/2025:22:27:22
22/Apr/2025:22:27:27
22/Apr/2025:22:27:32
22/Apr/2025:22:27:37
22/Apr/2025:22:27:42
22/Apr/2025:22:27:47
22/Apr/2025:22:27:52
22/Apr/2025:22:27:58
22/Apr/2025:22:28:03
22/Apr/2025:22:28:08
22/Apr/2025:22:28:13
22/Apr/2025:22:28:18
22/Apr/2025:22:28:23
22/Apr/2025:22:28:28
22/Apr/2025:22:28:33
22/Apr/2025:22:28:38
22/Apr/2025:22:28:44
22/Apr/2025:22:28:49
22/Apr/2025:22:28:54
22/Apr/2025:22:28:59
22/Apr/2025:22:29:04
22/Apr/2025:22:29:09
22/Apr/2025:22:29:14
22/Apr/2025:22:29:19
22/Apr/2025:22:29:24
22/Apr/2025:22:29:30
22/Apr/2025:22:29:35
22/Apr/2025:22:29:40
22/Apr/2025:22:29:45
22/Apr/2025:22:29:50
22/Apr/2025:22:29:55
22/Apr/2025:22:30:00
22/Apr/2025:22:30:05
22/Apr/2025:22:30:10
22/Apr/2025:22:30:16
22/Apr/2025:22:30:21
22/Apr/2025:22:30:26
22/Apr/2025:22:30:31
22/Apr/2025:22:30:36
22/Apr/2025:22:30:41
22/Apr/2025:22:30:46
22/Apr/2025:22:30:51
22/Apr/2025:22:30:56
22/Apr/2025:22:31:02
22/Apr/2025:22:31:07
22/Apr/2025:22:31:12
22/Apr/2025:22:31:17
22/Apr/2025:22:31:22
22/Apr/2025:22:31:27
22/Apr/2025:22:31:32
22/Apr/2025:22:31:37
22/Apr/2025:22:34:25
22/Apr/2025:22:34:30
22/Apr/2025:22:34:35
22/Apr/2025:22:34:40
22/Apr/2025:22:34:45
22/Apr/2025:22:34:50
22/Apr/2025:22:34:56
22/Apr/2025:22:35:01
22/Apr/2025:22:35:06
22/Apr/2025:22:35:11
22/Apr/2025:22:35:16
22/Apr/2025:22:35:21
22/Apr/2025:22:35:26
22/Apr/2025:22:35:31
22/Apr/2025:22:35:36
22/Apr/2025:22:35:42
22/Apr/2025:22:35:47
22/Apr/2025:22:35:52
22/Apr/2025:22:35:57
22/Apr/2025:22:36:02
22/Apr/2025:22:36:07
22/Apr/2025:22:36:12
22/Apr/2025:22:36:17
22/Apr/2025:22:36:22
22/Apr/2025:22:36:28
22/Apr/2025:22:36:33
22/Apr/2025:22:36:38
22/Apr/2025:22:36:43
22/Apr/2025:22:36:48
22/Apr/2025:22:36:53
22/Apr/2025:22:36:58
22/Apr/2025:22:37:03
22/Apr/2025:22:37:08
22/Apr/2025:22:37:14
22/Apr/2025:22:37:19
22/Apr/2025:22:37:24
22/Apr/2025:22:37:29
22/Apr/2025:22:37:34
22/Apr/2025:22:37:39
22/Apr/2025:22:37:44
22/Apr/2025:22:37:49
22/Apr/2025:22:37:54
22/Apr/2025:22:38:00
22/Apr/2025:22:38:05
22/Apr/2025:22:38:10
22/Apr/2025:22:38:15
22/Apr/2025:22:38:20
22/Apr/2025:22:38:25
22/Apr/2025:22:38:30
22/Apr/2025:22:38:35
22/Apr/2025:22:38:41
22/Apr/2025:22:38:46
22/Apr/2025:22:38:51
22/Apr/2025:22:38:56
22/Apr/2025:22:39:01
22/Apr/2025:22:39:06
22/Apr/2025:22:39:11
22/Apr/2025:22:39:16
22/Apr/2025:22:39:21
22/Apr/2025:22:39:27
22/Apr/2025:22:39:32
22/Apr/2025:22:39:37
22/Apr/2025:22:39:42
22/Apr/2025:22:39:47
22/Apr/2025:22:39:52
22/Apr/2025:22:39:57
22/Apr/2025:22:40:02
22/Apr/2025:22:40:07
22/Apr/2025:22:40:13
22/Apr/2025:22:40:18
22/Apr/2025:22:40:23
22/Apr/2025:22:40:28
22/Apr/2025:22:40:33
22/Apr/2025:22:40:38
22/Apr/2025:22:40:43
22/Apr/2025:22:40:48
22/Apr/2025:22:40:53
22/Apr/2025:22:40:59
22/Apr/2025:22:41:04
22/Apr/2025:22:41:09
22/Apr/2025:22:41:14
22/Apr/2025:22:41:19
22/Apr/2025:22:41:24
22/Apr/2025:22:41:29
22/Apr/2025:22:41:34
22/Apr/2025:22:41:39
22/Apr/2025:22:41:45
22/Apr/2025:22:41:50
22/Apr/2025:22:41:55
22/Apr/2025:22:42:00
22/Apr/2025:22:42:05
22/Apr/2025:22:42:10
22/Apr/2025:22:42:15
22/Apr/2025:22:42:20
22/Apr/2025:22:42:25
22/Apr/2025:22:42:31
22/Apr/2025:22:42:36
22/Apr/2025:22:42:41
22/Apr/2025:22:42:46
22/Apr/2025:22:42:51
22/Apr/2025:22:42:56
22/Apr/2025:22:43:01
22/Apr/2025:22:43:06
22/Apr/2025:22:43:11
22/Apr/2025:22:43:16
22/Apr/2025:22:43:21
22/Apr/2025:22:43:27
22/Apr/2025:22:43:32
22/Apr/2025:22:43:37
22/Apr/2025:22:43:42
22/Apr/2025:22:43:47
22/Apr/2025:22:43:52
22/Apr/2025:22:43:57
22/Apr/2025:22:44:02
22/Apr/2025:22:44:07
22/Apr/2025:22:44:12
22/Apr/2025:22:44:18
22/Apr/2025:22:44:23
22/Apr/2025:22:44:28
22/Apr/2025:22:44:33
22/Apr/2025:22:44:38
22/Apr/2025:22:44:43
22/Apr/2025:22:44:48
22/Apr/2025:22:44:53
22/Apr/2025:22:44:58
22/Apr/2025:22:45:04
22/Apr/2025:22:45:09
22/Apr/2025:22:45:14
22/Apr/2025:22:45:19
22/Apr/2025:22:45:24
22/Apr/2025:22:45:29
22/Apr/2025:22:45:34
22/Apr/2025:22:45:39
22/Apr/2025:22:45:44
22/Apr/2025:22:45:50
22/Apr/2025:22:45:55
22/Apr/2025:22:46:00
22/Apr/2025:22:46:05
22/Apr/2025:22:46:10
22/Apr/2025:22:46:15
22/Apr/2025:22:46:20
22/Apr/2025:22:46:25
22/Apr/2025:22:46:30
22/Apr/2025:22:46:36
22/Apr/2025:22:46:41
22/Apr/2025:22:46:46
22/Apr/2025:22:46:51
22/Apr/2025:22:46:56
22/Apr/2025:22:47:01
22/Apr/2025:22:47:06
22/Apr/2025:22:47:11
22/Apr/2025:22:47:16
22/Apr/2025:22:47:22
22/Apr/2025:22:47:27
22/Apr/2025:22:47:32
22/Apr/2025:22:47:37
22/Apr/2025:22:47:42
22/Apr/2025:22:47:47
22/Apr/2025:22:47:52
22/Apr/2025:22:47:57
22/Apr/2025:22:48:03
22/Apr/2025:22:48:08
22/Apr/2025:22:48:13
22/Apr/2025:22:48:18
22/Apr/2025:22:48:23
22/Apr/2025:22:48:28
22/Apr/2025:22:48:33
22/Apr/2025:22:48:38
22/Apr/2025:22:48:43
22/Apr/2025:22:48:49
22/Apr/2025:22:48:54
22/Apr/2025:22:48:59
22/Apr/2025:22:49:04
22/Apr/2025:22:49:09
22/Apr/2025:22:49:14
22/Apr/2025:22:49:19
22/Apr/2025:22:49:24
22/Apr/2025:22:49:29
22/Apr/2025:22:49:35
22/Apr/2025:22:49:40
22/Apr/2025:22:49:45
22/Apr/2025:22:49:50
22/Apr/2025:22:49:55
22/Apr/2025:22:50:00
22/Apr/2025:22:50:05
22/Apr/2025:22:50:10
22/Apr/2025:22:50:15
22/Apr/2025:22:50:21
22/Apr/2025:22:50:26
22/Apr/2025:22:50:31
22/Apr/2025:22:50:36
22/Apr/2025:22:50:41
22/Apr/2025:22:50:46
22/Apr/2025:22:50:51
22/Apr/2025:22:50:56
22/Apr/2025:22:51:02
22/Apr/2025:22:51:07
22/Apr/2025:22:51:12
22/Apr/2025:22:51:17
22/Apr/2025:22:51:22
22/Apr/2025:22:51:27
22/Apr/2025:22:51:32
22/Apr/2025:22:51:37
22/Apr/2025:22:51:42
22/Apr/2025:22:51:48
22/Apr/2025:22:51:53
22/Apr/2025:22:51:58
22/Apr/2025:22:52:03
22/Apr/2025:22:52:08
22/Apr/2025:22:52:13
22/Apr/2025:22:52:18
22/Apr/2025:22:52:23
22/Apr/2025:22:52:28
22/Apr/2025:22:52:33
22/Apr/2025:22:52:39
22/Apr/2025:22:52:44
22/Apr/2025:22:52:49
22/Apr/2025:22:52:54
22/Apr/2025:22:52:59
22/Apr/2025:22:53:04
22/Apr/2025:22:53:09
22/Apr/2025:22:53:14
22/Apr/2025:22:53:19
22/Apr/2025:22:53:25
22/Apr/2025:22:53:30
22/Apr/2025:22:53:35
22/Apr/2025:22:53:40
22/Apr/2025:22:53:45
22/Apr/2025:22:53:50
22/Apr/2025:22:53:55
22/Apr/2025:22:54:00
22/Apr/2025:22:54:05
22/Apr/2025:22:54:11
22/Apr/2025:22:54:16
22/Apr/2025:22:54:21
22/Apr/2025:22:54:26
22/Apr/2025:22:54:31
22/Apr/2025:22:54:36
22/Apr/2025:22:54:41
22/Apr/2025:22:54:46
22/Apr/2025:22:54:51
22/Apr/2025:22:54:57
22/Apr/2025:22:55:02
22/Apr/2025:22:55:07
22/Apr/2025:22:55:12
22/Apr/2025:22:55:17
22/Apr/2025:22:55:22
22/Apr/2025:22:55:27
22/Apr/2025:22:55:32
22/Apr/2025:22:55:37
22/Apr/2025:22:55:43
22/Apr/2025:22:55:48
22/Apr/2025:22:55:53
22/Apr/2025:22:55:58
22/Apr/2025:22:56:03
22/Apr/2025:22:56:08
22/Apr/2025:22:56:13
22/Apr/2025:22:56:18
22/Apr/2025:22:56:23
22/Apr/2025:22:56:29
22/Apr/2025:22:56:34
22/Apr/2025:22:56:39
22/Apr/2025:22:56:44
22/Apr/2025:22:56:49
22/Apr/2025:22:56:54
22/Apr/2025:22:56:59
22/Apr/2025:22:57:04
22/Apr/2025:22:57:09
22/Apr/2025:22:57:15
22/Apr/2025:22:57:20
22/Apr/2025:22:57:25
22/Apr/2025:22:57:30
22/Apr/2025:22:57:35
22/Apr/2025:22:57:40
22/Apr/2025:22:57:45
22/Apr/2025:22:57:50
22/Apr/2025:22:57:55
22/Apr/2025:22:58:01
22/Apr/2025:22:58:06
22/Apr/2025:22:58:11
22/Apr/2025:22:58:16
22/Apr/2025:22:58:21
22/Apr/2025:22:58:26
22/Apr/2025:22:58:31
22/Apr/2025:22:58:36
22/Apr/2025:22:58:41
22/Apr/2025:22:58:47
22/Apr/2025:22:58:52
22/Apr/2025:22:58:57
22/Apr/2025:22:59:02
22/Apr/2025:22:59:07
22/Apr/2025:22:59:12
22/Apr/2025:22:59:17
22/Apr/2025:22:59:22
22/Apr/2025:22:59:27
22/Apr/2025:22:59:33
22/Apr/2025:22:59:38
22/Apr/2025:22:59:43
22/Apr/2025:22:59:48
22/Apr/2025:22:59:53
22/Apr/2025:22:59:58
22/Apr/2025:23:00:03
22/Apr/2025:23:00:08
22/Apr/2025:23:00:13
22/Apr/2025:23:00:19
22/Apr/2025:23:00:24
22/Apr/2025:23:00:29
22/Apr/2025:23:00:34
22/Apr/2025:23:00:39
22/Apr/2025:23:00:44
22/Apr/2025:23:00:49
22/Apr/2025:23:00:54
22/Apr/2025:23:00:59
22/Apr/2025:23:01:05
22/Apr/2025:23:01:10
22/Apr/2025:23:01:15
22/Apr/2025:23:01:20
22/Apr/2025:23:01:25
22/Apr/2025:23:01:30
22/Apr/2025:23:01:35
22/Apr/2025:23:01:40
22/Apr/2025:23:01:45
22/Apr/2025:23:01:51
22/Apr/2025:23:01:56
22/Apr/2025:23:02:01
22/Apr/2025:23:02:06
22/Apr/2025:23:02:11
22/Apr/2025:23:02:16
22/Apr/2025:23:02:21
22/Apr/2025:23:02:26
22/Apr/2025:23:02:31
22/Apr/2025:23:02:37
22/Apr/2025:23:02:42
22/Apr/2025:23:02:47
22/Apr/2025:23:02:52
22/Apr/2025:23:02:57
22/Apr/2025:23:03:02
22/Apr/2025:23:03:07
22/Apr/2025:23:03:12
22/Apr/2025:23:03:17
22/Apr/2025:23:03:23
22/Apr/2025:23:03:28
22/Apr/2025:23:03:33
22/Apr/2025:23:03:38
22/Apr/2025:23:03:43
22/Apr/2025:23:03:48
22/Apr/2025:23:03:53
22/Apr/2025:23:03:58
22/Apr/2025:23:04:03
22/Apr/2025:23:04:09
22/Apr/2025:23:04:14
22/Apr/2025:23:04:19
22/Apr/2025:23:04:24
22/Apr/2025:23:04:29
22/Apr/2025:23:04:34
22/Apr/2025:23:04:39
22/Apr/2025:23:04:44
22/Apr/2025:23:04:49
22/Apr/2025:23:04:55
22/Apr/2025:23:05:00
22/Apr/2025:23:05:05
22/Apr/2025:23:05:10
22/Apr/2025:23:05:15
22/Apr/2025:23:05:20
22/Apr/2025:23:05:25
22/Apr/2025:23:05:30
22/Apr/2025:23:05:35
22/Apr/2025:23:05:41
22/Apr/2025:23:05:46
22/Apr/2025:23:05:51
22/Apr/2025:23:05:56
22/Apr/2025:23:06:01
22/Apr/2025:23:06:06
22/Apr/2025:23:06:11
22/Apr/2025:23:06:16
22/Apr/2025:23:06:21
22/Apr/2025:23:06:27
22/Apr/2025:23:06:32
22/Apr/2025:23:06:37
22/Apr/2025:23:06:42
22/Apr/2025:23:06:47
22/Apr/2025:23:06:52
22/Apr/2025:23:06:57
22/Apr/2025:23:07:02
22/Apr/2025:23:07:07
22/Apr/2025:23:07:13
22/Apr/2025:23:07:18
22/Apr/2025:23:07:23
22/Apr/2025:23:07:28
22/Apr/2025:23:07:33
22/Apr/2025:23:07:38
22/Apr/2025:23:07:43
22/Apr/2025:23:07:48
22/Apr/2025:23:07:54
22/Apr/2025:23:07:59
22/Apr/2025:23:08:04
22/Apr/2025:23:08:09
22/Apr/2025:23:08:14
22/Apr/2025:23:08:19
22/Apr/2025:23:08:24
22/Apr/2025:23:08:29
22/Apr/2025:23:08:35
22/Apr/2025:23:08:40
22/Apr/2025:23:08:46
22/Apr/2025:23:08:51
22/Apr/2025:23:08:56
22/Apr/2025:23:09:01
22/Apr/2025:23:09:06
22/Apr/2025:23:09:11
22/Apr/2025:23:09:16
22/Apr/2025:23:09:21
22/Apr/2025:23:09:26
22/Apr/2025:23:09:32
22/Apr/2025:23:09:37
